2022-03-28 10:47:46,003 INFO  [org.jboss.modules] (main) JBoss Modules version 1.11.0.Final
2022-03-28 10:47:50,322 INFO  [org.jboss.msc] (main) JBoss MSC version 1.4.12.Final
2022-03-28 10:47:50,356 INFO  [org.jboss.threads] (main) JBoss Threads version 2.4.0.Final
2022-03-28 10:47:50,808 INFO  [org.jboss.as] (MSC service thread 1-2) WFLYSRV0049: Keycloak 13.0.1 (WildFly Core 15.0.1.Final) starting
2022-03-28 10:47:50,814 DEBUG [org.jboss.as.config] (MSC service thread 1-2) Configured system properties:
	[Standalone] = 
	awt.toolkit = sun.awt.X11.XToolkit
	file.encoding = UTF-8
	file.separator = /
	java.awt.graphicsenv = sun.awt.X11GraphicsEnvironment
	java.awt.headless = true
	java.awt.printerjob = sun.print.PSPrinterJob
	java.class.path = /mnt/d/Sprout/keycloak-13.0.1/jboss-modules.jar
	java.class.version = 55.0
	java.home = /usr/lib/jvm/java-11-openjdk-amd64
	java.io.tmpdir = /tmp
	java.library.path = /usr/java/packages/lib:/usr/lib/x86_64-linux-gnu/jni:/lib/x86_64-linux-gnu:/usr/lib/x86_64-linux-gnu:/usr/lib/jni:/lib:/usr/lib
	java.net.preferIPv4Stack = true
	java.runtime.name = OpenJDK Runtime Environment
	java.runtime.version = 11.0.14+9-Ubuntu-0ubuntu2.20.04
	java.specification.name = Java Platform API Specification
	java.specification.vendor = Oracle Corporation
	java.specification.version = 11
	java.util.logging.manager = org.jboss.logmanager.LogManager
	java.vendor = Ubuntu
	java.vendor.url = https://ubuntu.com/
	java.vendor.url.bug = https://bugs.launchpad.net/ubuntu/+source/openjdk-lts
	java.version = 11.0.14
	java.version.date = 2022-01-18
	java.vm.compressedOopsMode = 32-bit
	java.vm.info = mixed mode, sharing
	java.vm.name = OpenJDK 64-Bit Server VM
	java.vm.specification.name = Java Virtual Machine Specification
	java.vm.specification.vendor = Oracle Corporation
	java.vm.specification.version = 11
	java.vm.vendor = Ubuntu
	java.vm.version = 11.0.14+9-Ubuntu-0ubuntu2.20.04
	javax.management.builder.initial = org.jboss.as.jmx.PluggableMBeanServerBuilder
	jboss.home.dir = /mnt/d/Sprout/keycloak-13.0.1
	jboss.host.name = desktop-hf191t3
	jboss.modules.dir = /mnt/d/Sprout/keycloak-13.0.1/modules
	jboss.modules.system.pkgs = org.jboss.byteman
	jboss.node.name = desktop-hf191t3
	jboss.qualified.host.name = desktop-hf191t3
	jboss.server.base.dir = /mnt/d/Sprout/keycloak-13.0.1/standalone
	jboss.server.config.dir = /mnt/d/Sprout/keycloak-13.0.1/standalone/configuration
	jboss.server.data.dir = /mnt/d/Sprout/keycloak-13.0.1/standalone/data
	jboss.server.deploy.dir = /mnt/d/Sprout/keycloak-13.0.1/standalone/data/content
	jboss.server.log.dir = /mnt/d/Sprout/keycloak-13.0.1/standalone/log
	jboss.server.name = desktop-hf191t3
	jboss.server.persist.config = true
	jboss.server.temp.dir = /mnt/d/Sprout/keycloak-13.0.1/standalone/tmp
	jdk.debug = release
	line.separator = 

	logging.configuration = file:/mnt/d/Sprout/keycloak-13.0.1/standalone/configuration/logging.properties
	module.path = /mnt/d/Sprout/keycloak-13.0.1/modules
	org.jboss.boot.log.file = /mnt/d/Sprout/keycloak-13.0.1/standalone/log/server.log
	org.jboss.resolver.warning = true
	os.arch = amd64
	os.name = Linux
	os.version = 5.10.60.1-microsoft-standard-WSL2
	path.separator = :
	sun.arch.data.model = 64
	sun.boot.library.path = /usr/lib/jvm/java-11-openjdk-amd64/lib
	sun.cpu.endian = little
	sun.cpu.isalist = 
	sun.io.unicode.encoding = UnicodeLittle
	sun.java.command = /mnt/d/Sprout/keycloak-13.0.1/jboss-modules.jar -mp /mnt/d/Sprout/keycloak-13.0.1/modules org.jboss.as.standalone -Djboss.home.dir=/mnt/d/Sprout/keycloak-13.0.1 -Djboss.server.base.dir=/mnt/d/Sprout/keycloak-13.0.1/standalone
	sun.java.launcher = SUN_STANDARD
	sun.jnu.encoding = UTF-8
	sun.management.compiler = HotSpot 64-Bit Tiered Compilers
	sun.os.patch.level = unknown
	user.dir = /mnt/d/Sprout/keycloak-13.0.1
	user.home = /home/deninoer
	user.language = en
	user.name = deninoer
	user.timezone = Asia/Jakarta
2022-03-28 10:47:50,822 DEBUG [org.jboss.as.config] (MSC service thread 1-2) VM Arguments: -D[Standalone] -Xms64m -Xmx512m -XX:MetaspaceSize=96M -XX:MaxMetaspaceSize=256m -Djava.net.preferIPv4Stack=true -Djboss.modules.system.pkgs=org.jboss.byteman -Djava.awt.headless=true --add-exports=java.base/sun.nio.ch=ALL-UNNAMED --add-exports=jdk.unsupported/sun.misc=ALL-UNNAMED --add-exports=jdk.unsupported/sun.reflect=ALL-UNNAMED -Dorg.jboss.boot.log.file=/mnt/d/Sprout/keycloak-13.0.1/standalone/log/server.log -Dlogging.configuration=file:/mnt/d/Sprout/keycloak-13.0.1/standalone/configuration/logging.properties 
2022-03-28 10:47:56,639 INFO  [org.wildfly.security] (ServerService Thread Pool -- 20) ELY00001: WildFly Elytron version 1.15.3.Final
2022-03-28 10:47:59,136 INFO  [org.jboss.as.controller.management-deprecated] (ServerService Thread Pool -- 5) WFLYCTL0033: Extension 'security' is deprecated and may not be supported in future versions
2022-03-28 10:48:00,959 INFO  [org.jboss.as.controller.management-deprecated] (Controller Boot Thread) WFLYCTL0028: Attribute 'security-realm' in the resource at address '/core-service=management/management-interface=http-interface' is deprecated, and may be removed in a future version. See the attribute description in the output of the read-resource-description operation to learn more about the deprecation.
2022-03-28 10:48:01,032 INFO  [org.jboss.as.controller.management-deprecated] (ServerService Thread Pool -- 9) WFLYCTL0028: Attribute 'security-realm' in the resource at address '/subsystem=undertow/server=default-server/https-listener=https' is deprecated, and may be removed in a future version. See the attribute description in the output of the read-resource-description operation to learn more about the deprecation.
2022-03-28 10:48:01,354 INFO  [org.jboss.as.server] (Controller Boot Thread) WFLYSRV0039: Creating http management service using socket-binding (management-http)
2022-03-28 10:48:01,424 INFO  [org.xnio] (MSC service thread 1-7) XNIO version 3.8.4.Final
2022-03-28 10:48:01,461 INFO  [org.xnio.nio] (MSC service thread 1-7) XNIO NIO Implementation Version 3.8.4.Final
2022-03-28 10:48:01,572 INFO  [org.wildfly.extension.health] (ServerService Thread Pool -- 34) WFLYHEALTH0001: Activating Base Health Subsystem
2022-03-28 10:48:01,634 INFO  [org.jboss.as.naming] (ServerService Thread Pool -- 45) WFLYNAM0001: Activating Naming Subsystem
2022-03-28 10:48:01,638 INFO  [org.jboss.as.clustering.infinispan] (ServerService Thread Pool -- 40) WFLYCLINF0001: Activating Infinispan subsystem.
2022-03-28 10:48:01,654 INFO  [org.jboss.as.security] (ServerService Thread Pool -- 49) WFLYSEC0002: Activating Security Subsystem
2022-03-28 10:48:01,630 INFO  [org.wildfly.extension.io] (ServerService Thread Pool -- 35) WFLYIO001: Worker 'default' has auto-configured to 8 IO threads with 64 max task threads based on your 4 available processors
2022-03-28 10:48:01,708 WARN  [org.jboss.as.txn] (ServerService Thread Pool -- 52) WFLYTX0013: The node-identifier attribute on the /subsystem=transactions is set to the default value. This is a danger for environments running multiple servers. Please make sure the attribute value is unique.
2022-03-28 10:48:01,740 INFO  [org.wildfly.extension.metrics] (ServerService Thread Pool -- 44) WFLYMETRICS0001: Activating Base Metrics Subsystem
2022-03-28 10:48:01,733 INFO  [org.jboss.as.security] (MSC service thread 1-6) WFLYSEC0001: Current PicketBox version=5.0.3.Final-redhat-00007
2022-03-28 10:48:01,891 INFO  [org.jboss.as.connector] (MSC service thread 1-8) WFLYJCA0009: Starting Jakarta Connectors Subsystem (WildFly/IronJacamar 1.4.27.Final)
2022-03-28 10:48:02,059 INFO  [org.jboss.remoting] (MSC service thread 1-5) JBoss Remoting version 5.0.20.Final
2022-03-28 10:48:02,110 INFO  [org.wildfly.extension.undertow] (MSC service thread 1-1) WFLYUT0003: Undertow 2.2.5.Final starting
2022-03-28 10:48:02,323 INFO  [org.jboss.as.mail.extension] (MSC service thread 1-2) WFLYMAIL0001: Bound mail session [java:jboss/mail/Default]
2022-03-28 10:48:02,338 INFO  [org.jboss.as.naming] (MSC service thread 1-2) WFLYNAM0003: Starting Naming Service
2022-03-28 10:48:02,533 WARN  [org.wildfly.clustering.web.undertow] (ServerService Thread Pool -- 42) WFLYCLWEBUT0007: No routing provider found for default-server; using legacy provider based on static configuration
2022-03-28 10:48:02,555 ERROR [stderr] (ServerService Thread Pool -- 50) Loading class `com.mysql.jdbc.Driver'. This is deprecated. The new driver class is `com.mysql.cj.jdbc.Driver'. The driver is automatically registered via the SPI and manual loading of the driver class is generally unnecessary.
2022-03-28 10:48:02,632 INFO  [org.jboss.as.connector.subsystems.datasources] (ServerService Thread Pool -- 50) WFLYJCA0005: Deploying non-JDBC-compliant driver class com.mysql.jdbc.Driver (version 8.0)
2022-03-28 10:48:02,686 INFO  [org.jboss.as.connector.deployers.jdbc] (MSC service thread 1-5) WFLYJCA0018: Started Driver service with driver-name = mysql
2022-03-28 10:48:02,852 INFO  [org.jboss.as.connector.subsystems.datasources] (ServerService Thread Pool -- 50) WFLYJCA0004: Deploying JDBC-compliant driver class org.h2.Driver (version 1.4)
2022-03-28 10:48:02,886 INFO  [org.jboss.as.connector.deployers.jdbc] (MSC service thread 1-4) WFLYJCA0018: Started Driver service with driver-name = h2
2022-03-28 10:48:03,019 INFO  [org.jboss.as.jaxrs] (ServerService Thread Pool -- 36) WFLYRS0016: RESTEasy version 3.15.1.Final
2022-03-28 10:48:03,147 WARN  [org.wildfly.extension.elytron] (MSC service thread 1-7) WFLYELY00023: KeyStore file '/mnt/d/Sprout/keycloak-13.0.1/standalone/configuration/application.keystore' does not exist. Used blank.
2022-03-28 10:48:03,309 INFO  [org.wildfly.extension.undertow] (ServerService Thread Pool -- 42) WFLYUT0014: Creating file handler for path '/mnt/d/Sprout/keycloak-13.0.1/welcome-content' with options [directory-listing: 'false', follow-symlink: 'false', case-sensitive: 'true', safe-symlink-paths: '[]']
2022-03-28 10:48:03,354 WARN  [org.wildfly.extension.elytron] (MSC service thread 1-4) WFLYELY01084: KeyStore /mnt/d/Sprout/keycloak-13.0.1/standalone/configuration/application.keystore not found, it will be auto generated on first use with a self-signed certificate for host localhost
2022-03-28 10:48:03,475 INFO  [org.jboss.as.ejb3] (MSC service thread 1-7) WFLYEJB0481: Strict pool slsb-strict-max-pool is using a max instance size of 64 (per class), which is derived from thread worker pool sizing.
2022-03-28 10:48:03,488 INFO  [org.jboss.as.ejb3] (MSC service thread 1-2) WFLYEJB0482: Strict pool mdb-strict-max-pool is using a max instance size of 16 (per class), which is derived from the number of CPUs on this host.
2022-03-28 10:48:03,636 INFO  [org.wildfly.extension.undertow] (MSC service thread 1-2) WFLYUT0012: Started server default-server.
2022-03-28 10:48:03,660 INFO  [org.wildfly.extension.undertow] (MSC service thread 1-2) Queuing requests.
2022-03-28 10:48:03,721 INFO  [org.wildfly.extension.undertow] (MSC service thread 1-2) WFLYUT0018: Host default-host starting
2022-03-28 10:48:04,155 INFO  [org.wildfly.extension.undertow] (MSC service thread 1-1) WFLYUT0006: Undertow HTTP listener default listening on 127.0.0.1:8080
2022-03-28 10:48:04,766 INFO  [org.jboss.as.ejb3] (MSC service thread 1-2) WFLYEJB0493: Jakarta Enterprise Beans subsystem suspension complete
2022-03-28 10:48:05,146 INFO  [org.jboss.as.connector.subsystems.datasources] (MSC service thread 1-8) WFLYJCA0001: Bound data source [java:jboss/datasources/ExampleDS]
2022-03-28 10:48:05,146 INFO  [org.jboss.as.connector.subsystems.datasources] (MSC service thread 1-6) WFLYJCA0001: Bound data source [java:/jboss/datasources/KeycloakDS]
2022-03-28 10:48:06,347 INFO  [org.jboss.as.patching] (MSC service thread 1-8) WFLYPAT0050: Keycloak cumulative patch ID is: base, one-off patches include: none
2022-03-28 10:48:06,396 WARN  [org.jboss.as.domain.management.security] (MSC service thread 1-5) WFLYDM0111: Keystore /mnt/d/Sprout/keycloak-13.0.1/standalone/configuration/application.keystore not found, it will be auto generated on first use with a self signed certificate for host localhost
2022-03-28 10:48:06,459 INFO  [org.jboss.as.server.deployment.scanner] (MSC service thread 1-3) WFLYDS0013: Started FileSystemDeploymentService for directory /mnt/d/Sprout/keycloak-13.0.1/standalone/deployments
2022-03-28 10:48:06,516 INFO  [org.jboss.as.server.deployment] (MSC service thread 1-6) WFLYSRV0027: Starting deployment of "keycloak-server.war" (runtime-name: "keycloak-server.war")
2022-03-28 10:48:06,605 INFO  [org.wildfly.extension.undertow] (MSC service thread 1-5) WFLYUT0006: Undertow HTTPS listener https listening on 127.0.0.1:8443
2022-03-28 10:48:10,539 INFO  [org.infinispan.CONTAINER] (ServerService Thread Pool -- 55) ISPN000128: Infinispan version: Infinispan 'Corona Extra' 11.0.9.Final
2022-03-28 10:48:10,689 INFO  [org.infinispan.CONFIG] (MSC service thread 1-4) ISPN000152: Passivation configured without an eviction policy being selected. Only manually evicted entities will be passivated.
2022-03-28 10:48:10,695 INFO  [org.infinispan.CONFIG] (MSC service thread 1-4) ISPN000152: Passivation configured without an eviction policy being selected. Only manually evicted entities will be passivated.
2022-03-28 10:48:10,994 INFO  [org.infinispan.PERSISTENCE] (ServerService Thread Pool -- 55) ISPN000556: Starting user marshaller 'org.wildfly.clustering.infinispan.marshalling.jboss.JBossMarshaller'
2022-03-28 10:48:10,994 INFO  [org.infinispan.PERSISTENCE] (ServerService Thread Pool -- 54) ISPN000556: Starting user marshaller 'org.wildfly.clustering.infinispan.spi.marshalling.InfinispanProtoStreamMarshaller'
2022-03-28 10:48:11,874 INFO  [org.jboss.as.clustering.infinispan] (ServerService Thread Pool -- 54) WFLYCLINF0002: Started http-remoting-connector cache from ejb container
2022-03-28 10:48:11,945 INFO  [org.jboss.as.clustering.infinispan] (ServerService Thread Pool -- 59) WFLYCLINF0002: Started actionTokens cache from keycloak container
2022-03-28 10:48:11,958 INFO  [org.jboss.as.clustering.infinispan] (ServerService Thread Pool -- 58) WFLYCLINF0002: Started offlineClientSessions cache from keycloak container
2022-03-28 10:48:11,962 INFO  [org.jboss.as.clustering.infinispan] (ServerService Thread Pool -- 62) WFLYCLINF0002: Started offlineSessions cache from keycloak container
2022-03-28 10:48:11,957 INFO  [org.jboss.as.clustering.infinispan] (ServerService Thread Pool -- 63) WFLYCLINF0002: Started sessions cache from keycloak container
2022-03-28 10:48:11,970 INFO  [org.jboss.as.clustering.infinispan] (ServerService Thread Pool -- 66) WFLYCLINF0002: Started authenticationSessions cache from keycloak container
2022-03-28 10:48:11,982 INFO  [org.jboss.as.clustering.infinispan] (ServerService Thread Pool -- 61) WFLYCLINF0002: Started loginFailures cache from keycloak container
2022-03-28 10:48:11,984 INFO  [org.jboss.as.clustering.infinispan] (ServerService Thread Pool -- 64) WFLYCLINF0002: Started work cache from keycloak container
2022-03-28 10:48:11,986 INFO  [org.jboss.as.clustering.infinispan] (ServerService Thread Pool -- 54) WFLYCLINF0002: Started clientSessions cache from keycloak container
2022-03-28 10:48:12,141 INFO  [org.jboss.as.clustering.infinispan] (ServerService Thread Pool -- 57) WFLYCLINF0002: Started authorization cache from keycloak container
2022-03-28 10:48:12,148 INFO  [org.jboss.as.clustering.infinispan] (ServerService Thread Pool -- 67) WFLYCLINF0002: Started keys cache from keycloak container
2022-03-28 10:48:12,149 INFO  [org.jboss.as.clustering.infinispan] (ServerService Thread Pool -- 60) WFLYCLINF0002: Started users cache from keycloak container
2022-03-28 10:48:12,155 INFO  [org.jboss.as.clustering.infinispan] (ServerService Thread Pool -- 55) WFLYCLINF0002: Started realms cache from keycloak container
2022-03-28 10:48:13,179 WARN  [org.jboss.as.server.deployment] (MSC service thread 1-5) WFLYSRV0273: Excluded subsystem webservices via jboss-deployment-structure.xml does not exist.
2022-03-28 10:48:15,304 INFO  [org.keycloak.services] (ServerService Thread Pool -- 55) KC-SERVICES0001: Loading config from standalone.xml or domain.xml
2022-03-28 10:48:16,545 INFO  [org.keycloak.url.DefaultHostnameProviderFactory] (ServerService Thread Pool -- 55) Frontend: <request>, Admin: <frontend>, Backend: <request>
2022-03-28 10:48:17,680 INFO  [org.jboss.as.clustering.infinispan] (ServerService Thread Pool -- 55) WFLYCLINF0002: Started realmRevisions cache from keycloak container
2022-03-28 10:48:17,704 INFO  [org.jboss.as.clustering.infinispan] (ServerService Thread Pool -- 55) WFLYCLINF0002: Started userRevisions cache from keycloak container
2022-03-28 10:48:17,722 INFO  [org.jboss.as.clustering.infinispan] (ServerService Thread Pool -- 55) WFLYCLINF0002: Started authorizationRevisions cache from keycloak container
2022-03-28 10:48:17,730 INFO  [org.keycloak.connections.infinispan.DefaultInfinispanConnectionProviderFactory] (ServerService Thread Pool -- 55) Node name: desktop-hf191t3, Site name: null
2022-03-28 10:48:18,899 INFO  [org.keycloak.connections.jpa.DefaultJpaConnectionProviderFactory] (ServerService Thread Pool -- 55) Database info: {databaseUrl=jdbc:mysql://cashenable-dev-instance-1.crph8zcvcnvn.ap-southeast-3.rds.amazonaws.com:3306/cashenable_iam?useSSL=false&characterEncoding=UTF-8, databaseUser=cashenable@180.254.66.36, databaseProduct=MySQL 5.7.12, databaseDriver=MySQL Connector/J mysql-connector-java-8.0.28 (Revision: 7ff2161da3899f379fb3171b6538b191b1c5c7e2)}
2022-03-28 10:48:35,671 INFO  [org.keycloak.connections.jpa.updater.liquibase.LiquibaseJpaUpdaterProvider] (ServerService Thread Pool -- 55) Initializing database schema. Using changelog META-INF/jpa-changelog-master.xml
2022-03-28 10:49:29,483 INFO  [org.hibernate.jpa.internal.util.LogHelper] (ServerService Thread Pool -- 55) HHH000204: Processing PersistenceUnitInfo [
	name: keycloak-default
	...]
2022-03-28 10:49:29,819 INFO  [org.hibernate.Version] (ServerService Thread Pool -- 55) HHH000412: Hibernate Core {5.3.20.Final}
2022-03-28 10:49:29,833 INFO  [org.hibernate.cfg.Environment] (ServerService Thread Pool -- 55) HHH000206: hibernate.properties not found
2022-03-28 10:49:30,650 INFO  [org.hibernate.annotations.common.Version] (ServerService Thread Pool -- 55) HCANN000001: Hibernate Commons Annotations {5.0.5.Final}
2022-03-28 10:49:31,483 INFO  [org.hibernate.dialect.Dialect] (ServerService Thread Pool -- 55) HHH000400: Using dialect: org.hibernate.dialect.MySQL57Dialect
2022-03-28 10:49:31,608 INFO  [org.hibernate.envers.boot.internal.EnversServiceImpl] (ServerService Thread Pool -- 55) Envers integration enabled? : true
2022-03-28 10:49:32,909 INFO  [org.hibernate.orm.beans] (ServerService Thread Pool -- 55) HHH10005002: No explicit CDI BeanManager reference was passed to Hibernate, but CDI is available on the Hibernate ClassLoader.
2022-03-28 10:49:33,053 INFO  [org.hibernate.validator.internal.util.Version] (ServerService Thread Pool -- 55) HV000001: Hibernate Validator 6.0.22.Final
2022-03-28 10:49:35,885 INFO  [org.hibernate.hql.internal.QueryTranslatorFactoryInitiator] (ServerService Thread Pool -- 55) HHH000397: Using ASTQueryTranslatorFactory
2022-03-28 10:49:37,574 INFO  [org.keycloak.services] (ServerService Thread Pool -- 55) KC-SERVICES0050: Initializing master realm
2022-03-28 10:49:46,412 INFO  [org.jboss.resteasy.resteasy_jaxrs.i18n] (ServerService Thread Pool -- 55) RESTEASY002225: Deploying javax.ws.rs.core.Application: class org.keycloak.services.resources.KeycloakApplication
2022-03-28 10:49:46,418 INFO  [org.jboss.resteasy.resteasy_jaxrs.i18n] (ServerService Thread Pool -- 55) RESTEASY002200: Adding class resource org.keycloak.services.resources.JsResource from Application class org.keycloak.services.resources.KeycloakApplication
2022-03-28 10:49:46,419 INFO  [org.jboss.resteasy.resteasy_jaxrs.i18n] (ServerService Thread Pool -- 55) RESTEASY002200: Adding class resource org.keycloak.services.resources.ThemeResource from Application class org.keycloak.services.resources.KeycloakApplication
2022-03-28 10:49:46,420 INFO  [org.jboss.resteasy.resteasy_jaxrs.i18n] (ServerService Thread Pool -- 55) RESTEASY002205: Adding provider class org.keycloak.services.error.KeycloakErrorHandler from Application class org.keycloak.services.resources.KeycloakApplication
2022-03-28 10:49:46,423 INFO  [org.jboss.resteasy.resteasy_jaxrs.i18n] (ServerService Thread Pool -- 55) RESTEASY002205: Adding provider class org.keycloak.services.filters.KeycloakSecurityHeadersFilter from Application class org.keycloak.services.resources.KeycloakApplication
2022-03-28 10:49:46,425 INFO  [org.jboss.resteasy.resteasy_jaxrs.i18n] (ServerService Thread Pool -- 55) RESTEASY002220: Adding singleton resource org.keycloak.services.resources.RobotsResource from Application class org.keycloak.services.resources.KeycloakApplication
2022-03-28 10:49:46,426 INFO  [org.jboss.resteasy.resteasy_jaxrs.i18n] (ServerService Thread Pool -- 55) RESTEASY002220: Adding singleton resource org.keycloak.services.resources.admin.AdminRoot from Application class org.keycloak.services.resources.KeycloakApplication
2022-03-28 10:49:46,429 INFO  [org.jboss.resteasy.resteasy_jaxrs.i18n] (ServerService Thread Pool -- 55) RESTEASY002220: Adding singleton resource org.keycloak.services.resources.WelcomeResource from Application class org.keycloak.services.resources.KeycloakApplication
2022-03-28 10:49:46,431 INFO  [org.jboss.resteasy.resteasy_jaxrs.i18n] (ServerService Thread Pool -- 55) RESTEASY002210: Adding provider singleton org.keycloak.services.util.ObjectMapperResolver from Application class org.keycloak.services.resources.KeycloakApplication
2022-03-28 10:49:46,433 INFO  [org.jboss.resteasy.resteasy_jaxrs.i18n] (ServerService Thread Pool -- 55) RESTEASY002220: Adding singleton resource org.keycloak.services.resources.RealmsResource from Application class org.keycloak.services.resources.KeycloakApplication
2022-03-28 10:49:47,294 INFO  [org.wildfly.extension.undertow] (ServerService Thread Pool -- 55) WFLYUT0021: Registered web context: '/auth' for server 'default-server'
2022-03-28 10:49:47,569 INFO  [org.jboss.as.server] (ServerService Thread Pool -- 41) WFLYSRV0010: Deployed "keycloak-server.war" (runtime-name : "keycloak-server.war")
2022-03-28 10:49:47,723 INFO  [org.jboss.as.server] (Controller Boot Thread) WFLYSRV0212: Resuming server
2022-03-28 10:49:47,735 INFO  [org.jboss.as] (Controller Boot Thread) WFLYSRV0025: Keycloak 13.0.1 (WildFly Core 15.0.1.Final) started in 128044ms - Started 595 of 873 services (584 services are lazy, passive or on-demand)
2022-03-28 10:49:47,756 INFO  [org.jboss.as] (Controller Boot Thread) WFLYSRV0060: Http management interface listening on http://127.0.0.1:9990/management
2022-03-28 10:49:47,757 INFO  [org.jboss.as] (Controller Boot Thread) WFLYSRV0051: Admin console listening on http://127.0.0.1:9990
2022-03-28 10:50:08,054 INFO  [org.jboss.as.server] (Thread-1) WFLYSRV0272: Suspending server
2022-03-28 10:50:08,065 INFO  [org.jboss.as.ejb3] (Thread-1) WFLYEJB0493: Jakarta Enterprise Beans subsystem suspension complete
2022-03-28 10:50:08,080 INFO  [org.jboss.as.server] (Thread-1) WFLYSRV0220: Server shutdown has been requested via an OS signal
2022-03-28 10:50:08,163 INFO  [org.jboss.as.connector.subsystems.datasources] (MSC service thread 1-2) WFLYJCA0010: Unbound data source [java:/jboss/datasources/KeycloakDS]
2022-03-28 10:50:08,170 INFO  [org.jboss.as.mail.extension] (MSC service thread 1-1) WFLYMAIL0002: Unbound mail session [java:jboss/mail/Default]
2022-03-28 10:50:08,198 INFO  [org.wildfly.extension.undertow] (MSC service thread 1-2) WFLYUT0008: Undertow HTTPS listener https suspending
2022-03-28 10:50:08,210 INFO  [org.wildfly.extension.undertow] (ServerService Thread Pool -- 69) WFLYUT0022: Unregistered web context: '/auth' from server 'default-server'
2022-03-28 10:50:08,239 INFO  [org.wildfly.extension.undertow] (MSC service thread 1-2) WFLYUT0007: Undertow HTTPS listener https stopped, was bound to 127.0.0.1:8443
2022-03-28 10:50:08,295 INFO  [org.jboss.as.connector.deployers.jdbc] (MSC service thread 1-5) WFLYJCA0019: Stopped Driver service with driver-name = mysql
2022-03-28 10:50:08,298 INFO  [org.wildfly.extension.undertow] (MSC service thread 1-2) WFLYUT0019: Host default-host stopping
2022-03-28 10:50:08,301 INFO  [org.jboss.as.connector.subsystems.datasources] (MSC service thread 1-6) WFLYJCA0010: Unbound data source [java:jboss/datasources/ExampleDS]
2022-03-28 10:50:08,306 INFO  [org.jboss.as.connector.deployers.jdbc] (MSC service thread 1-3) WFLYJCA0019: Stopped Driver service with driver-name = h2
2022-03-28 10:50:08,347 INFO  [org.jboss.as.clustering.infinispan] (ServerService Thread Pool -- 75) WFLYCLINF0003: Stopped offlineSessions cache from keycloak container
2022-03-28 10:50:08,350 INFO  [org.jboss.as.clustering.infinispan] (ServerService Thread Pool -- 2) WFLYCLINF0003: Stopped users cache from keycloak container
2022-03-28 10:50:08,354 INFO  [org.jboss.as.clustering.infinispan] (ServerService Thread Pool -- 74) WFLYCLINF0003: Stopped authorization cache from keycloak container
2022-03-28 10:50:08,395 INFO  [org.jboss.as.clustering.infinispan] (ServerService Thread Pool -- 79) WFLYCLINF0003: Stopped keys cache from keycloak container
2022-03-28 10:50:08,376 INFO  [org.jboss.as.clustering.infinispan] (ServerService Thread Pool -- 72) WFLYCLINF0003: Stopped clientSessions cache from keycloak container
2022-03-28 10:50:08,394 INFO  [org.jboss.as.clustering.infinispan] (ServerService Thread Pool -- 71) WFLYCLINF0003: Stopped loginFailures cache from keycloak container
2022-03-28 10:50:08,414 INFO  [org.jboss.as.clustering.infinispan] (ServerService Thread Pool -- 78) WFLYCLINF0003: Stopped work cache from keycloak container
2022-03-28 10:50:08,422 INFO  [org.jboss.as.server.deployment] (MSC service thread 1-2) WFLYSRV0028: Stopped deployment keycloak-server.war (runtime-name: keycloak-server.war) in 310ms
2022-03-28 10:50:08,430 INFO  [org.jboss.as.clustering.infinispan] (ServerService Thread Pool -- 77) WFLYCLINF0003: Stopped actionTokens cache from keycloak container
2022-03-28 10:50:08,428 INFO  [org.jboss.as.clustering.infinispan] (ServerService Thread Pool -- 76) WFLYCLINF0003: Stopped offlineClientSessions cache from keycloak container
2022-03-28 10:50:08,431 INFO  [org.jboss.as.clustering.infinispan] (ServerService Thread Pool -- 80) WFLYCLINF0003: Stopped authenticationSessions cache from keycloak container
2022-03-28 10:50:08,430 INFO  [org.jboss.as.clustering.infinispan] (ServerService Thread Pool -- 73) WFLYCLINF0003: Stopped sessions cache from keycloak container
2022-03-28 10:50:08,459 INFO  [org.wildfly.extension.undertow] (MSC service thread 1-7) WFLYUT0008: Undertow HTTP listener default suspending
2022-03-28 10:50:08,465 INFO  [org.wildfly.extension.undertow] (MSC service thread 1-7) WFLYUT0007: Undertow HTTP listener default stopped, was bound to 127.0.0.1:8080
2022-03-28 10:50:08,477 INFO  [org.wildfly.extension.undertow] (MSC service thread 1-2) WFLYUT0004: Undertow 2.2.5.Final stopping
2022-03-28 10:50:08,491 INFO  [org.jboss.as.clustering.infinispan] (ServerService Thread Pool -- 69) WFLYCLINF0003: Stopped realms cache from keycloak container
2022-03-28 10:50:08,497 INFO  [org.infinispan.manager.DefaultCacheManager] (ServerService Thread Pool -- 69) Stopping cache manager null on null
2022-03-28 10:50:08,794 INFO  [org.jboss.as.clustering.infinispan] (ServerService Thread Pool -- 77) WFLYCLINF0003: Stopped http-remoting-connector cache from ejb container
2022-03-28 10:50:08,796 INFO  [org.infinispan.manager.DefaultCacheManager] (ServerService Thread Pool -- 77) Stopping cache manager null on null
2022-03-28 10:50:08,841 INFO  [org.jboss.as] (MSC service thread 1-5) WFLYSRV0050: Keycloak 13.0.1 (WildFly Core 15.0.1.Final) stopped in 730ms
